TN:
SF:frontend/admin.js
FN:2,adminForm
FN:15,(anonymous_1)
FN:20,(anonymous_2)
FN:20,(anonymous_3)
FN:73,(anonymous_4)
FN:82,(anonymous_5)
FN:90,(anonymous_6)
FN:99,(anonymous_7)
FN:108,(anonymous_8)
FN:115,(anonymous_9)
FN:142,(anonymous_10)
FN:201,(anonymous_11)
FN:243,(anonymous_12)
FN:316,(anonymous_13)
FNF:14
FNH:0
FNDA:0,adminForm
FNDA:0,(anonymous_1)
FNDA:0,(anonymous_2)
FNDA:0,(anonymous_3)
FNDA:0,(anonymous_4)
FNDA:0,(anonymous_5)
FNDA:0,(anonymous_6)
FNDA:0,(anonymous_7)
FNDA:0,(anonymous_8)
FNDA:0,(anonymous_9)
FNDA:0,(anonymous_10)
FNDA:0,(anonymous_11)
FNDA:0,(anonymous_12)
FNDA:0,(anonymous_13)
DA:3,0
DA:16,0
DA:17,0
DA:19,0
DA:20,0
DA:22,0
DA:75,0
DA:76,0
DA:77,0
DA:79,0
DA:82,0
DA:83,0
DA:87,0
DA:91,0
DA:92,0
DA:93,0
DA:95,0
DA:100,0
DA:101,0
DA:103,0
DA:104,0
DA:110,0
DA:111,0
DA:112,0
DA:116,0
DA:118,0
DA:119,0
DA:120,0
DA:121,0
DA:123,0
DA:125,0
DA:126,0
DA:127,0
DA:129,0
DA:130,0
DA:131,0
DA:133,0
DA:136,0
DA:138,0
DA:143,0
DA:146,0
DA:149,0
DA:154,0
DA:198,0
DA:202,0
DA:203,0
DA:240,0
DA:245,0
DA:246,0
DA:247,0
DA:248,0
DA:251,0
DA:252,0
DA:256,0
DA:296,0
DA:298,0
DA:299,0
DA:305,0
DA:307,0
DA:308,0
DA:309,0
DA:313,0
DA:316,0
DA:317,0
DA:318,0
DA:319,0
DA:320,0
DA:323,0
DA:326,0
DA:327,0
LF:70
LH:0
BRDA:16,0,0,0
BRDA:16,0,1,0
BRDA:19,1,0,0
BRDA:19,1,1,0
BRDA:19,2,0,0
BRDA:19,2,1,0
BRDA:76,3,0,0
BRDA:76,3,1,0
BRDA:92,4,0,0
BRDA:92,4,1,0
BRDA:100,5,0,0
BRDA:100,5,1,0
BRDA:103,6,0,0
BRDA:103,6,1,0
BRDA:116,7,0,0
BRDA:116,7,1,0
BRDA:129,8,0,0
BRDA:129,8,1,0
BRDA:129,9,0,0
BRDA:129,9,1,0
BRDA:130,10,0,0
BRDA:130,10,1,0
BRDA:133,11,0,0
BRDA:133,11,1,0
BRDA:146,12,0,0
BRDA:146,12,1,0
BRDA:148,13,0,0
BRDA:148,13,1,0
BRDA:149,14,0,0
BRDA:149,14,1,0
BRDA:151,15,0,0
BRDA:151,15,1,0
BRDA:156,16,0,0
BRDA:156,16,1,0
BRDA:157,17,0,0
BRDA:157,17,1,0
BRDA:158,18,0,0
BRDA:158,18,1,0
BRDA:159,19,0,0
BRDA:159,19,1,0
BRDA:160,20,0,0
BRDA:160,20,1,0
BRDA:161,21,0,0
BRDA:161,21,1,0
BRDA:164,22,0,0
BRDA:164,22,1,0
BRDA:165,23,0,0
BRDA:165,23,1,0
BRDA:166,24,0,0
BRDA:166,24,1,0
BRDA:167,25,0,0
BRDA:167,25,1,0
BRDA:169,26,0,0
BRDA:169,26,1,0
BRDA:170,27,0,0
BRDA:170,27,1,0
BRDA:171,28,0,0
BRDA:171,28,1,0
BRDA:172,29,0,0
BRDA:172,29,1,0
BRDA:173,30,0,0
BRDA:173,30,1,0
BRDA:174,31,0,0
BRDA:174,31,1,0
BRDA:175,32,0,0
BRDA:175,32,1,0
BRDA:176,33,0,0
BRDA:176,33,1,0
BRDA:177,34,0,0
BRDA:177,34,1,0
BRDA:178,35,0,0
BRDA:178,35,1,0
BRDA:179,36,0,0
BRDA:179,36,1,0
BRDA:183,37,0,0
BRDA:183,37,1,0
BRDA:184,38,0,0
BRDA:184,38,1,0
BRDA:186,39,0,0
BRDA:186,39,1,0
BRDA:187,40,0,0
BRDA:187,40,1,0
BRDA:188,41,0,0
BRDA:188,41,1,0
BRDA:189,42,0,0
BRDA:189,42,1,0
BRDA:190,43,0,0
BRDA:190,43,1,0
BRDA:192,44,0,0
BRDA:192,44,1,0
BRDA:245,45,0,0
BRDA:245,45,1,0
BRDA:264,46,0,0
BRDA:264,46,1,0
BRDA:271,47,0,0
BRDA:271,47,1,0
BRDA:272,48,0,0
BRDA:272,48,1,0
BRDA:273,49,0,0
BRDA:273,49,1,0
BRDA:274,50,0,0
BRDA:274,50,1,0
BRDA:275,51,0,0
BRDA:275,51,1,0
BRDA:276,52,0,0
BRDA:276,52,1,0
BRDA:277,53,0,0
BRDA:277,53,1,0
BRDA:278,54,0,0
BRDA:278,54,1,0
BRDA:283,55,0,0
BRDA:283,55,1,0
BRDA:285,56,0,0
BRDA:285,56,1,0
BRDA:286,57,0,0
BRDA:286,57,1,0
BRDA:289,58,0,0
BRDA:289,58,1,0
BRDA:291,59,0,0
BRDA:291,59,1,0
BRDA:307,60,0,0
BRDA:307,60,1,0
BRDA:323,61,0,0
BRDA:323,61,1,0
BRF:124
BRH:0
end_of_record
TN:
SF:frontend/utils.js
FN:11,(anonymous_0)
FN:17,(anonymous_1)
FN:43,(anonymous_2)
FN:49,(anonymous_3)
FN:54,(anonymous_4)
FN:69,(anonymous_5)
FN:108,(anonymous_6)
FNF:7
FNH:6
FNDA:6,(anonymous_0)
FNDA:6,(anonymous_1)
FNDA:4,(anonymous_2)
FNDA:3,(anonymous_3)
FNDA:1,(anonymous_4)
FNDA:3,(anonymous_5)
FNDA:0,(anonymous_6)
DA:6,1
DA:12,6
DA:13,5
DA:14,5
DA:18,6
DA:20,5
DA:21,5
DA:24,2
DA:25,2
DA:26,2
DA:27,2
DA:29,2
DA:30,2
DA:31,2
DA:33,2
DA:44,4
DA:45,2
DA:46,2
DA:50,3
DA:51,3
DA:55,1
DA:56,1
DA:57,1
DA:58,1
DA:59,0
DA:60,0
DA:62,0
DA:70,3
DA:71,3
DA:74,3
DA:75,3
DA:76,1
DA:77,1
DA:78,1
DA:79,1
DA:80,1
DA:83,0
DA:88,2
DA:89,2
DA:90,2
DA:91,1
DA:93,1
DA:95,1
DA:99,1
DA:102,1
DA:105,1
DA:109,0
DA:142,1
DA:143,1
LF:49
LH:44
BRDA:12,0,0,1
BRDA:12,0,1,5
BRDA:18,1,0,1
BRDA:18,1,1,5
BRDA:21,2,0,3
BRDA:21,2,1,2
BRDA:33,3,0,2
BRDA:33,3,1,2
BRDA:33,3,2,2
BRDA:33,3,3,2
BRDA:44,4,0,2
BRDA:44,4,1,2
BRDA:50,5,0,0
BRDA:50,5,1,3
BRDA:55,6,0,0
BRDA:55,6,1,1
BRDA:57,7,0,1
BRDA:57,7,1,0
BRDA:59,8,0,0
BRDA:59,8,1,0
BRDA:75,9,0,1
BRDA:75,9,1,2
BRDA:78,10,0,1
BRDA:78,10,1,0
BRDA:93,11,0,1
BRDA:93,11,1,0
BRDA:142,12,0,1
BRDA:142,12,1,0
BRDA:142,13,0,1
BRDA:142,13,1,1
BRF:30
BRH:22
end_of_record
